Fetching new submission at Fri Jun 21 17:48:01 KST 2024
Fetching new submission at Fri Jun 21 17:49:02 KST 2024
Fetching new submission at Fri Jun 21 17:50:01 KST 2024
No new submissions at Fri Jun 21 17:50:11 KST 2024
Fetching new submission at Fri Jun 21 17:51:01 KST 2024
No new submissions at Fri Jun 21 17:51:13 KST 2024
Fetching new submission at Fri Jun 21 17:52:01 KST 2024
No new submissions at Fri Jun 21 17:52:14 KST 2024
Fetching new submission at Fri Jun 21 17:53:01 KST 2024
No new submissions at Fri Jun 21 17:53:16 KST 2024
Fetching new submission at Fri Jun 21 17:54:01 KST 2024
No new submissions at Fri Jun 21 17:54:12 KST 2024
Fetching new submission at Fri Jun 21 17:55:01 KST 2024
No new submissions at Fri Jun 21 17:55:13 KST 2024
Fetching new submission at Fri Jun 21 17:56:01 KST 2024
No new submissions at Fri Jun 21 17:56:15 KST 2024
Fetching new submission at Fri Jun 21 17:57:01 KST 2024
No new submissions at Fri Jun 21 17:57:11 KST 2024
Fetching new submission at Fri Jun 21 17:58:01 KST 2024
No new submissions at Fri Jun 21 17:58:13 KST 2024
Fetching new submission at Fri Jun 21 17:59:01 KST 2024
No new submissions at Fri Jun 21 17:59:14 KST 2024
Fetching new submission at Fri Jun 21 18:00:01 KST 2024
No new submissions at Fri Jun 21 18:00:15 KST 2024
Fetching new submission at Fri Jun 21 18:01:01 KST 2024
No new submissions at Fri Jun 21 18:01:12 KST 2024
Fetching new submission at Fri Jun 21 18:01:53 KST 2024
Fetching new submission at Fri Jun 21 18:02:01 KST 2024
No new submissions at Fri Jun 21 18:02:13 KST 2024
Fetching new submission at Fri Jun 21 18:03:01 KST 2024
No new submissions at Fri Jun 21 18:03:15 KST 2024
Fetching new submission at Fri Jun 21 18:04:01 KST 2024
No new submissions at Fri Jun 21 18:04:11 KST 2024
Fetching new submission at Fri Jun 21 18:05:01 KST 2024
No new submissions at Fri Jun 21 18:05:12 KST 2024
Fetching new submission at Fri Jun 21 18:06:01 KST 2024
No new submissions at Fri Jun 21 18:06:14 KST 2024
Fetching new submission at Fri Jun 21 18:07:01 KST 2024
No new submissions at Fri Jun 21 18:07:15 KST 2024
Fetching new submission at Fri Jun 21 18:08:01 KST 2024
No new submissions at Fri Jun 21 18:08:12 KST 2024
Fetching new submission at Fri Jun 21 18:10:49 KST 2024
Fetching new submission at Fri Jun 21 18:10:59 KST 2024
Fetching new submission at Fri Jun 21 18:11:01 KST 2024
No new submissions at Fri Jun 21 18:11:01 KST 2024
Fetching new submission at Fri Jun 21 18:12:01 KST 2024
No new submissions at Fri Jun 21 18:12:02 KST 2024
No new submissions at Fri Jun 21 18:12:03 KST 2024
No new submissions at Fri Jun 21 18:12:59 KST 2024
Fetching new submission at Fri Jun 21 18:13:01 KST 2024
No new submissions at Fri Jun 21 18:13:01 KST 2024
No new submissions at Fri Jun 21 18:13:09 KST 2024
No new submissions at Fri Jun 21 18:13:14 KST 2024
Fetching new submission at Fri Jun 21 18:14:01 KST 2024
No new submissions at Fri Jun 21 18:14:02 KST 2024
Fetching new submission at Fri Jun 21 18:15:01 KST 2024
Fetched submission ID null at Fri Jun 21 18:15:01 KST 2024
Fetching new submission at Fri Jun 21 18:16:01 KST 2024
Fetched submission ID null at Fri Jun 21 18:16:01 KST 2024
Fetching new submission at Fri Jun 21 18:17:01 KST 2024
Fetched submission ID null at Fri Jun 21 18:17:01 KST 2024
Fetching new submission at Fri Jun 21 18:18:01 KST 2024
Fetching new submission at Fri Jun 21 18:19:01 KST 2024
Fetching new submission at Fri Jun 21 18:20:01 KST 2024
No new submissions at Fri Jun 21 18:20:14 KST 2024
Fetched submission ID 4 at Fri Jun 21 18:20:18 KST 2024
Fetching new submission at Fri Jun 21 18:28:02 KST 2024
Fetched submission ID null at Fri Jun 21 18:28:03 KST 2024
No new submissions at Fri Jun 21 18:28:16 KST 2024
Fetching new submission at Fri Jun 21 18:29:01 KST 2024
Fetched submission ID null at Fri Jun 21 18:29:01 KST 2024
Fetching new submission at Fri Jun 21 18:30:01 KST 2024
Fetched submission ID null at Fri Jun 21 18:30:02 KST 2024
Fetching new submission at Fri Jun 21 18:31:01 KST 2024
Fetched submission ID null at Fri Jun 21 18:31:01 KST 2024
Fetching new submission at Fri Jun 21 18:32:01 KST 2024
Fetched submission ID null at Fri Jun 21 18:32:01 KST 2024
Fetching new submission at Fri Jun 21 18:33:01 KST 2024
Fetched submission ID null at Fri Jun 21 18:33:02 KST 2024
Fetching new submission at Fri Jun 21 18:34:01 KST 2024
Fetched submission ID null at Fri Jun 21 18:34:01 KST 2024
Fetching new submission at Fri Jun 21 18:35:01 KST 2024
Fetched submission ID 5 at Fri Jun 21 18:35:01 KST 2024
Fetching new submission at Fri Jun 21 18:36:01 KST 2024
Fetched submission ID null at Fri Jun 21 18:36:02 KST 2024
Fetching new submission at Fri Jun 21 18:37:01 KST 2024
Fetched submission ID null at Fri Jun 21 18:37:01 KST 2024
Fetching new submission at Fri Jun 21 18:38:01 KST 2024
Fetched submission ID null at Fri Jun 21 18:38:01 KST 2024
Fetching new submission at Fri Jun 21 18:39:01 KST 2024
Fetched submission ID null at Fri Jun 21 18:39:02 KST 2024
Fetching new submission at Fri Jun 21 18:46:42 KST 2024
Fetched submission ID null at Fri Jun 21 18:46:43 KST 2024
Fetching new submission at Fri Jun 21 18:47:01 KST 2024
Fetched submission ID null at Fri Jun 21 18:47:01 KST 2024
Fetching new submission at Fri Jun 21 18:48:01 KST 2024
Fetched submission ID null at Fri Jun 21 18:48:01 KST 2024
Fetching new submission at Fri Jun 21 18:49:01 KST 2024
Fetched submission ID null at Fri Jun 21 18:49:01 KST 2024
Fetching new submission at Fri Jun 21 18:56:04 KST 2024
Fetched submission ID null at Fri Jun 21 18:56:05 KST 2024
Fetching new submission at Fri Jun 21 18:57:01 KST 2024
Fetched submission ID null at Fri Jun 21 18:57:01 KST 2024
Fetching new submission at Fri Jun 21 18:58:01 KST 2024
Fetched submission ID null at Fri Jun 21 18:58:01 KST 2024
Fetching new submission at Fri Jun 21 18:59:01 KST 2024
Fetched submission ID null at Fri Jun 21 18:59:03 KST 2024
Fetching new submission at Fri Jun 21 19:00:01 KST 2024
Fetched submission ID 6 at Fri Jun 21 19:00:01 KST 2024
Fetching new submission at Fri Jun 21 19:01:01 KST 2024
Fetched submission ID null at Fri Jun 21 19:01:01 KST 2024
Fetching new submission at Fri Jun 21 19:02:01 KST 2024
Fetched submission ID null at Fri Jun 21 19:02:03 KST 2024
Fetching new submission at Fri Jun 21 19:03:01 KST 2024
Fetched submission ID 7 at Fri Jun 21 19:03:01 KST 2024
Fetching new submission at Fri Jun 21 19:04:01 KST 2024
Fetched submission ID null at Fri Jun 21 19:04:01 KST 2024
Fetching new submission at Fri Jun 21 19:05:01 KST 2024
Fetched submission ID null at Fri Jun 21 19:05:02 KST 2024
Fetching new submission at Fri Jun 21 19:06:01 KST 2024
Fetched submission ID null at Fri Jun 21 19:06:01 KST 2024
Fetching new submission at Fri Jun 21 19:07:01 KST 2024
Fetched submission ID null at Fri Jun 21 19:07:01 KST 2024
Fetching new submission at Fri Jun 21 19:08:01 KST 2024
Fetched submission ID null at Fri Jun 21 19:08:01 KST 2024
Fetching new submission at Fri Jun 21 19:09:01 KST 2024
Fetched submission ID 8 at Fri Jun 21 19:09:02 KST 2024
Fetching new submission at Fri Jun 21 19:10:01 KST 2024
Fetched submission ID null at Fri Jun 21 19:10:01 KST 2024
Fetching new submission at Fri Jun 21 19:11:01 KST 2024
Fetched submission ID null at Fri Jun 21 19:11:01 KST 2024
Fetching new submission at Fri Jun 21 19:12:01 KST 2024
Fetched submission ID null at Fri Jun 21 19:12:01 KST 2024
Fetching new submission at Fri Jun 21 19:13:01 KST 2024
Fetching new submission at Fri Jun 21 19:14:01 KST 2024
Fetching new submission at Fri Jun 21 19:15:01 KST 2024
Fetched submission ID 9 at Fri Jun 21 19:15:01 KST 2024
Fetched submission ID null at Fri Jun 21 19:15:06 KST 2024
No new submissions at Fri Jun 21 19:15:13 KST 2024
Fetching new submission at Fri Jun 21 19:16:01 KST 2024
Fetched submission ID null at Fri Jun 21 19:16:02 KST 2024
Fetching new submission at Fri Jun 21 19:17:01 KST 2024
Fetched submission ID null at Fri Jun 21 19:17:01 KST 2024
Fetching new submission at Fri Jun 21 19:18:01 KST 2024
Fetched submission ID 10 at Fri Jun 21 19:18:01 KST 2024
Fetching new submission at Fri Jun 21 19:19:01 KST 2024
Fetched submission ID null at Fri Jun 21 19:19:01 KST 2024
Fetching new submission at Fri Jun 21 19:20:01 KST 2024
Fetched submission ID null at Fri Jun 21 19:20:02 KST 2024
Fetching new submission at Fri Jun 21 19:21:01 KST 2024
Fetched submission ID 11 at Fri Jun 21 19:21:01 KST 2024
Fetching new submission at Fri Jun 21 19:22:01 KST 2024
Fetched submission ID 12 at Fri Jun 21 19:22:02 KST 2024
Fetching new submission at Fri Jun 21 19:23:01 KST 2024
Fetched submission ID 13 at Fri Jun 21 19:23:01 KST 2024
Fetching new submission at Fri Jun 21 19:24:01 KST 2024
Fetched submission ID 14 at Fri Jun 21 19:24:01 KST 2024
Fetching new submission at Fri Jun 21 19:25:01 KST 2024
Fetched submission ID null at Fri Jun 21 19:25:01 KST 2024
Fetching new submission at Fri Jun 21 19:26:01 KST 2024
Fetched submission ID null at Fri Jun 21 19:26:02 KST 2024
Fetching new submission at Fri Jun 21 19:27:01 KST 2024
Fetched submission ID null at Fri Jun 21 19:27:01 KST 2024
Fetching new submission at Fri Jun 21 19:28:01 KST 2024
Fetched submission ID 15 at Fri Jun 21 19:28:01 KST 2024
Fetching new submission at Fri Jun 21 19:29:01 KST 2024
Fetched submission ID 16 at Fri Jun 21 19:29:01 KST 2024
Fetching new submission at Fri Jun 21 19:30:01 KST 2024
Fetched submission ID null at Fri Jun 21 19:30:01 KST 2024
Fetching new submission at Fri Jun 21 19:31:01 KST 2024
Fetched submission ID null at Fri Jun 21 19:31:02 KST 2024
Fetching new submission at Fri Jun 21 19:32:01 KST 2024
Fetched submission ID 17 at Fri Jun 21 19:32:33 KST 2024
Fetching new submission at Fri Jun 21 19:33:01 KST 2024
Fetched submission ID 18 at Fri Jun 21 19:33:01 KST 2024
Fetching new submission at Fri Jun 21 19:34:01 KST 2024
Fetched submission ID null at Fri Jun 21 19:34:01 KST 2024
Fetching new submission at Fri Jun 21 19:35:01 KST 2024
Fetched submission ID null at Fri Jun 21 19:35:01 KST 2024
Fetching new submission at Fri Jun 21 19:36:01 KST 2024
Fetched submission ID null at Fri Jun 21 19:36:02 KST 2024
Fetching new submission at Fri Jun 21 19:37:01 KST 2024
Fetched submission ID null at Fri Jun 21 19:37:01 KST 2024
Fetching new submission at Fri Jun 21 19:38:01 KST 2024
Fetched submission ID 19 at Fri Jun 21 19:38:01 KST 2024
Fetching new submission at Fri Jun 21 19:39:01 KST 2024
Fetched submission ID 20 at Fri Jun 21 19:39:01 KST 2024
Fetching new submission at Fri Jun 21 19:40:01 KST 2024
Fetched submission ID null at Fri Jun 21 19:40:01 KST 2024
Fetching new submission at Fri Jun 21 19:41:01 KST 2024
Fetched submission ID null at Fri Jun 21 19:41:01 KST 2024
Fetching new submission at Fri Jun 21 19:42:01 KST 2024
Fetched submission ID null at Fri Jun 21 19:42:01 KST 2024
Fetching new submission at Fri Jun 21 19:43:01 KST 2024
Fetched submission ID null at Fri Jun 21 19:43:01 KST 2024
Fetching new submission at Fri Jun 21 19:44:01 KST 2024
Fetched submission ID null at Fri Jun 21 19:44:01 KST 2024
Fetching new submission at Fri Jun 21 19:45:01 KST 2024
Fetched submission ID null at Fri Jun 21 19:45:02 KST 2024
Fetching new submission at Fri Jun 21 19:46:01 KST 2024
Fetched submission ID null at Fri Jun 21 19:46:01 KST 2024
Fetching new submission at Fri Jun 21 19:47:01 KST 2024
Fetched submission ID null at Fri Jun 21 19:47:01 KST 2024
Fetching new submission at Fri Jun 21 19:48:01 KST 2024
Response: {"id":21,"code":"print('hello')"}
Parsed ID: 21
Parsed Code: print('hello')
Fetched submission ID 21 at Fri Jun 21 19:48:02 KST 2024
Fetching new submission at Fri Jun 21 19:49:01 KST 2024
Response: {"id":22,"code":"print('hello')"}
Parsed ID: 22
Parsed Code: print('hello')
Fetched submission ID 22 at Fri Jun 21 19:49:01 KST 2024
Fetching new submission at Fri Jun 21 19:50:01 KST 2024
Response: {"detail":"No new submissions found"}
Parsed ID: null
Parsed Code: null
Fetched submission ID null at Fri Jun 21 19:50:01 KST 2024
Fetching new submission at Fri Jun 21 19:51:01 KST 2024
Response: {"id":23,"code":"print('hello')"}
Parsed ID: 23
Parsed Code: print('hello')
Fetched submission ID 23 at Fri Jun 21 19:51:01 KST 2024
Fetching new submission at Fri Jun 21 19:52:01 KST 2024
Response: {"id":24,"code":"print('hello')"}
Parsed ID: 24
Parsed Code: print('hello')
Fetched submission ID 24 at Fri Jun 21 19:52:01 KST 2024
Fetching new submission at Fri Jun 21 19:53:01 KST 2024
Response: {"detail":"No new submissions found"}
Parsed ID: null
Parsed Code: null
Fetched submission ID null at Fri Jun 21 19:53:02 KST 2024
Fetching new submission at Fri Jun 21 19:54:01 KST 2024
Response: {"detail":"No new submissions found"}
Parsed ID: null
Parsed Code: null
Fetched submission ID null at Fri Jun 21 19:54:01 KST 2024
Fetching new submission at Fri Jun 21 19:55:01 KST 2024
Response: {"detail":"No new submissions found"}
Parsed ID: null
Parsed Code: null
Fetched submission ID null at Fri Jun 21 19:55:01 KST 2024
Fetching new submission at Fri Jun 21 19:56:01 KST 2024
Response: {"detail":"No new submissions found"}
Parsed ID: null
Parsed Code: null
Fetched submission ID null at Fri Jun 21 19:56:01 KST 2024
Fetching new submission at Fri Jun 21 19:57:01 KST 2024
Response: {"detail":"No new submissions found"}
Parsed ID: null
Parsed Code: null
Fetched submission ID null at Fri Jun 21 19:57:01 KST 2024
Fetching new submission at Fri Jun 21 19:58:01 KST 2024
Response: {"detail":"No new submissions found"}
Parsed ID: null
Parsed Code: null
Fetched submission ID null at Fri Jun 21 19:58:01 KST 2024
Fetching new submission at Fri Jun 21 19:59:01 KST 2024
Response: {"detail":"No new submissions found"}
Parsed ID: null
Parsed Code: null
Fetched submission ID null at Fri Jun 21 19:59:02 KST 2024
Fetching new submission at Fri Jun 21 20:00:02 KST 2024
Response: {"detail":"No new submissions found"}
Parsed ID: null
Parsed Code: null
Fetched submission ID null at Fri Jun 21 20:00:02 KST 2024
Fetching new submission at Fri Jun 21 20:01:01 KST 2024
Response: {"detail":"No new submissions found"}
Parsed ID: null
Parsed Code: null
Fetched submission ID null at Fri Jun 21 20:01:01 KST 2024
Fetching new submission at Fri Jun 21 20:02:01 KST 2024
Response: {"detail":"No new submissions found"}
Parsed ID: null
Parsed Code: null
Fetched submission ID null at Fri Jun 21 20:02:01 KST 2024
Fetching new submission at Fri Jun 21 20:03:01 KST 2024
Response: {"detail":"No new submissions found"}
Parsed ID: null
Parsed Code: null
Fetched submission ID null at Fri Jun 21 20:03:01 KST 2024
Fetching new submission at Fri Jun 21 20:04:01 KST 2024
Response: {"detail":"No new submissions found"}
Parsed ID: null
Parsed Code: null
Fetched submission ID null at Fri Jun 21 20:04:01 KST 2024
Fetching new submission at Fri Jun 21 20:05:01 KST 2024
Response: {"detail":"No new submissions found"}
Parsed ID: null
Parsed Code: null
Fetched submission ID null at Fri Jun 21 20:05:01 KST 2024
Fetching new submission at Fri Jun 21 20:06:01 KST 2024
Response: {"detail":"No new submissions found"}
Parsed ID: null
Parsed Code: null
Fetched submission ID null at Fri Jun 21 20:06:02 KST 2024
Fetching new submission at Fri Jun 21 20:07:01 KST 2024
Response: {"detail":"No new submissions found"}
Parsed ID: null
Parsed Code: null
Fetched submission ID null at Fri Jun 21 20:07:01 KST 2024
Fetching new submission at Fri Jun 21 20:08:01 KST 2024
Response: {"detail":"No new submissions found"}
Parsed ID: null
Parsed Code: null
Fetched submission ID null at Fri Jun 21 20:08:01 KST 2024
Fetching new submission at Fri Jun 21 20:09:01 KST 2024
Response: {"id":25,"code":"print('hello')"}
Parsed ID: 25
Parsed Code: print('hello')
Fetched submission ID 25 at Fri Jun 21 20:09:01 KST 2024
Fetching new submission at Fri Jun 21 20:10:01 KST 2024
Response: {"id":26,"code":"print('hello')"}
Parsed ID: 26
Parsed Code: print('hello')
Fetched submission ID 26 at Fri Jun 21 20:10:01 KST 2024
Fetching new submission at Fri Jun 21 20:11:01 KST 2024
Response: {"detail":"No new submissions found"}
Parsed ID: null
Parsed Code: null
Fetched submission ID null at Fri Jun 21 20:11:01 KST 2024
Fetching new submission at Fri Jun 21 20:12:01 KST 2024
Response: {"detail":"No new submissions found"}
Parsed ID: null
Parsed Code: null
Fetched submission ID null at Fri Jun 21 20:12:02 KST 2024
Fetching new submission at Fri Jun 21 20:13:02 KST 2024
Response: {"detail":"No new submissions found"}
Parsed ID: null
Parsed Code: null
Fetched submission ID null at Fri Jun 21 20:13:02 KST 2024
Fetching new submission at Fri Jun 21 20:14:01 KST 2024
Response: {"detail":"No new submissions found"}
Parsed ID: null
Parsed Code: null
Fetched submission ID null at Fri Jun 21 20:14:01 KST 2024
Fetching new submission at Fri Jun 21 20:15:01 KST 2024
Response: {"detail":"No new submissions found"}
Parsed ID: null
Parsed Code: null
Fetched submission ID null at Fri Jun 21 20:15:01 KST 2024
Fetching new submission at Fri Jun 21 20:16:01 KST 2024
Response: {"detail":"No new submissions found"}
Parsed ID: null
Parsed Code: null
Fetched submission ID null at Fri Jun 21 20:16:01 KST 2024
Fetching new submission at Fri Jun 21 20:17:01 KST 2024
Response: {"detail":"No new submissions found"}
Parsed ID: null
Parsed Code: null
Fetched submission ID null at Fri Jun 21 20:17:01 KST 2024
Fetching new submission at Fri Jun 21 20:18:01 KST 2024
Response: {"detail":"No new submissions found"}
Parsed ID: null
Parsed Code: null
Fetched submission ID null at Fri Jun 21 20:18:01 KST 2024
Fetching new submission at Fri Jun 21 20:19:01 KST 2024
Response: {"detail":"No new submissions found"}
Parsed ID: null
Parsed Code: null
Fetched submission ID null at Fri Jun 21 20:19:01 KST 2024
Fetching new submission at Fri Jun 21 20:20:01 KST 2024
Response: {"detail":"No new submissions found"}
Parsed ID: null
Parsed Code: null
Fetched submission ID null at Fri Jun 21 20:20:02 KST 2024
Fetching new submission at Fri Jun 21 20:21:02 KST 2024
Response: {"detail":"No new submissions found"}
Parsed ID: null
Parsed Code: null
Fetched submission ID null at Fri Jun 21 20:21:02 KST 2024
Fetching new submission at Fri Jun 21 20:22:01 KST 2024
Response: {"detail":"No new submissions found"}
Parsed ID: null
Parsed Code: null
Fetched submission ID null at Fri Jun 21 20:22:01 KST 2024
Fetching new submission at Fri Jun 21 20:23:01 KST 2024
Response: {"detail":"No new submissions found"}
Parsed ID: null
Parsed Code: null
Fetched submission ID null at Fri Jun 21 20:23:01 KST 2024
Fetching new submission at Fri Jun 21 20:24:01 KST 2024
Response: {"detail":"No new submissions found"}
Parsed ID: null
Parsed Code: null
Fetched submission ID null at Fri Jun 21 20:24:01 KST 2024
Fetching new submission at Fri Jun 21 20:25:01 KST 2024
Response: {"detail":"No new submissions found"}
Parsed ID: null
Parsed Code: null
Fetched submission ID null at Fri Jun 21 20:25:02 KST 2024
Fetching new submission at Fri Jun 21 20:26:02 KST 2024
Response: {"detail":"No new submissions found"}
No new submissions at Fri Jun 21 20:26:02 KST 2024
Fetching new submission at Fri Jun 21 20:27:01 KST 2024
Response: {"detail":"No new submissions found"}
No new submissions at Fri Jun 21 20:27:01 KST 2024
Fetching new submission at Fri Jun 21 20:28:01 KST 2024
Response: {"detail":"No new submissions found"}
No new submissions at Fri Jun 21 20:28:01 KST 2024
Fetching new submission at Fri Jun 21 20:29:01 KST 2024
Response: {"detail":"No new submissions found"}
No new submissions at Fri Jun 21 20:29:01 KST 2024
Fetching new submission at Fri Jun 21 20:30:01 KST 2024
Response: {"detail":"No new submissions found"}
No new submissions at Fri Jun 21 20:30:01 KST 2024
Fetching new submission at Fri Jun 21 20:31:01 KST 2024
Response: {"detail":"No new submissions found"}
No new submissions at Fri Jun 21 20:31:01 KST 2024
Fetching new submission at Fri Jun 21 20:32:01 KST 2024
Response: {"detail":"No new submissions found"}
No new submissions at Fri Jun 21 20:32:01 KST 2024
Fetching new submission at Fri Jun 21 20:33:01 KST 2024
Response: {"detail":"No new submissions found"}
No new submissions at Fri Jun 21 20:33:02 KST 2024
Fetching new submission at Fri Jun 21 20:34:01 KST 2024
Response: {"id":27,"code":"print('hello')"}
Parsed ID: 27
Parsed Code: print('hello')
Fetched submission ID 27 at Fri Jun 21 20:34:01 KST 2024
Fetching new submission at Fri Jun 21 20:35:01 KST 2024
Response: {"id":28,"code":"print('hello')"}
Parsed ID: 28
Parsed Code: print('hello')
Fetched submission ID 28 at Fri Jun 21 20:35:01 KST 2024
Fetching new submission at Fri Jun 21 20:36:01 KST 2024
Response: {"id":29,"code":"print('hello world')"}
Parsed ID: 29
Parsed Code: print('hello world')
Fetched submission ID 29 at Fri Jun 21 20:36:01 KST 2024
Fetching new submission at Fri Jun 21 20:37:01 KST 2024
Response: {"detail":"No new submissions found"}
No new submissions at Fri Jun 21 20:37:01 KST 2024
Fetching new submission at Fri Jun 21 20:38:02 KST 2024
Response: {"detail":"No new submissions found"}
No new submissions at Fri Jun 21 20:38:02 KST 2024
Fetching new submission at Fri Jun 21 20:39:01 KST 2024
Response: {"detail":"No new submissions found"}
No new submissions at Fri Jun 21 20:39:01 KST 2024
Fetching new submission at Fri Jun 21 20:40:01 KST 2024
Response: {"id":30,"code":"print('hello world')"}
Parsed ID: 30
Parsed Code: print('hello world')
Fetched submission ID 30 at Fri Jun 21 20:40:01 KST 2024
Fetching new submission at Fri Jun 21 20:41:01 KST 2024
Response: {"id":31,"code":"print('hello world')"}
Parsed ID: 31
Parsed Code: print('hello world')
Fetched submission ID 31 at Fri Jun 21 20:41:01 KST 2024
Fetching new submission at Fri Jun 21 20:42:01 KST 2024
Response: {"id":32,"code":"print('hello world')"}
Parsed ID: 32
Parsed Code: print('hello world')
Fetched submission ID 32 at Fri Jun 21 20:42:01 KST 2024
Fetching new submission at Fri Jun 21 20:43:01 KST 2024
Response: {"id":33,"code":"print('hello world')"}
Parsed ID: 33
Parsed Code: print('hello world')
Fetched submission ID 33 at Fri Jun 21 20:43:02 KST 2024
Fetching new submission at Fri Jun 21 20:44:01 KST 2024
Response: {"id":34,"code":"print('hello world')"}
Parsed ID: 34
Parsed Code: print('hello world')
Fetched submission ID 34 at Fri Jun 21 20:44:01 KST 2024
Fetching new submission at Fri Jun 21 20:45:01 KST 2024
Response: {"id":35,"code":"print('hello world')"}
Parsed ID: 35
Parsed Code: print('hello world')
Fetched submission ID 35 at Fri Jun 21 20:45:01 KST 2024
Fetching new submission at Fri Jun 21 20:46:01 KST 2024
Response: {"detail":"No new submissions found"}
No new submissions at Fri Jun 21 20:46:01 KST 2024
Fetching new submission at Fri Jun 21 20:47:01 KST 2024
Fetching new submission at Fri Jun 21 20:48:01 KST 2024
Fetching new submission at Fri Jun 21 20:49:01 KST 2024
Response: 
No new submissions at Fri Jun 21 20:49:11 KST 2024
Fetching new submission at Fri Jun 21 20:50:01 KST 2024
Response: 
No new submissions at Fri Jun 21 20:50:12 KST 2024
Fetching new submission at Fri Jun 21 20:51:01 KST 2024
Response: 
No new submissions at Fri Jun 21 20:51:13 KST 2024
Fetching new submission at Fri Jun 21 20:52:01 KST 2024
Response: 
No new submissions at Fri Jun 21 20:52:15 KST 2024
Fetching new submission at Fri Jun 21 20:53:01 KST 2024
Response: 
No new submissions at Fri Jun 21 20:53:11 KST 2024
Fetching new submission at Fri Jun 21 20:54:01 KST 2024
Response: 
No new submissions at Fri Jun 21 20:54:13 KST 2024
Fetching new submission at Fri Jun 21 20:55:01 KST 2024
Response: 
No new submissions at Fri Jun 21 20:55:14 KST 2024
Fetching new submission at Fri Jun 21 20:56:01 KST 2024
Response: 
No new submissions at Fri Jun 21 20:56:15 KST 2024
Fetching new submission at Fri Jun 21 20:57:02 KST 2024
Response: 
No new submissions at Fri Jun 21 20:57:12 KST 2024
Fetching new submission at Fri Jun 21 20:58:01 KST 2024
Response: 
No new submissions at Fri Jun 21 20:58:13 KST 2024
Fetching new submission at Fri Jun 21 20:59:01 KST 2024
Response: 
No new submissions at Fri Jun 21 20:59:15 KST 2024
Fetching new submission at Fri Jun 21 21:00:01 KST 2024
Response: 
No new submissions at Fri Jun 21 21:00:11 KST 2024
Fetching new submission at Fri Jun 21 21:01:01 KST 2024
Response: 
No new submissions at Fri Jun 21 21:01:12 KST 2024
Fetching new submission at Fri Jun 21 21:02:01 KST 2024
Response: 
No new submissions at Fri Jun 21 21:02:14 KST 2024
