Grading submission at Fri Jun 21 17:50:01 KST 2024
Grading submission at Fri Jun 21 17:51:01 KST 2024
Grading submission at Fri Jun 21 17:52:01 KST 2024
Graded submission ID * with status INCORRECT at Fri Jun 21 17:52:14 KST 2024
Grading submission at Fri Jun 21 17:53:01 KST 2024
Graded submission ID * with status INCORRECT at Fri Jun 21 17:53:16 KST 2024
Grading submission at Fri Jun 21 17:54:01 KST 2024
Graded submission ID * with status INCORRECT at Fri Jun 21 17:54:12 KST 2024
Grading submission at Fri Jun 21 17:55:01 KST 2024
Graded submission ID * with status INCORRECT at Fri Jun 21 17:55:13 KST 2024
Grading submission at Fri Jun 21 17:56:01 KST 2024
Graded submission ID * with status INCORRECT at Fri Jun 21 17:56:15 KST 2024
Grading submission at Fri Jun 21 17:57:01 KST 2024
Graded submission ID * with status INCORRECT at Fri Jun 21 17:57:11 KST 2024
Grading submission at Fri Jun 21 17:58:01 KST 2024
Graded submission ID * with status INCORRECT at Fri Jun 21 17:58:12 KST 2024
Grading submission at Fri Jun 21 17:59:01 KST 2024
Graded submission ID * with status INCORRECT at Fri Jun 21 17:59:14 KST 2024
Grading submission at Fri Jun 21 18:00:01 KST 2024
Graded submission ID * with status INCORRECT at Fri Jun 21 18:00:15 KST 2024
Grading submission at Fri Jun 21 18:01:01 KST 2024
Graded submission ID * with status INCORRECT at Fri Jun 21 18:01:12 KST 2024
Grading submission at Fri Jun 21 18:02:01 KST 2024
Graded submission ID * with status INCORRECT at Fri Jun 21 18:02:13 KST 2024
Grading submission at Fri Jun 21 18:03:01 KST 2024
Graded submission ID * with status INCORRECT at Fri Jun 21 18:03:15 KST 2024
Grading submission at Fri Jun 21 18:04:01 KST 2024
Graded submission ID * with status INCORRECT at Fri Jun 21 18:04:11 KST 2024
Grading submission at Fri Jun 21 18:05:01 KST 2024
Graded submission ID * with status INCORRECT at Fri Jun 21 18:05:12 KST 2024
Grading submission at Fri Jun 21 18:06:01 KST 2024
Graded submission ID * with status INCORRECT at Fri Jun 21 18:06:14 KST 2024
Grading submission at Fri Jun 21 18:07:01 KST 2024
Graded submission ID * with status INCORRECT at Fri Jun 21 18:07:15 KST 2024
Grading submission at Fri Jun 21 18:08:01 KST 2024
Graded submission ID * with status INCORRECT at Fri Jun 21 18:08:12 KST 2024
Grading submission at Fri Jun 21 18:10:49 KST 2024
Grading submission at Fri Jun 21 18:10:59 KST 2024
Grading submission at Fri Jun 21 18:11:01 KST 2024
Graded submission ID * with status INCORRECT at Fri Jun 21 18:11:01 KST 2024
Grading submission at Fri Jun 21 18:12:01 KST 2024
Graded submission ID * with status INCORRECT at Fri Jun 21 18:12:01 KST 2024
Graded submission ID * with status INCORRECT at Fri Jun 21 18:12:03 KST 2024
Graded submission ID * with status INCORRECT at Fri Jun 21 18:12:59 KST 2024
Grading submission at Fri Jun 21 18:13:01 KST 2024
Graded submission ID * with status INCORRECT at Fri Jun 21 18:13:01 KST 2024
Graded submission ID * with status INCORRECT at Fri Jun 21 18:13:09 KST 2024
Graded submission ID * with status INCORRECT at Fri Jun 21 18:13:14 KST 2024
Grading submission at Fri Jun 21 18:14:01 KST 2024
Graded submission ID * with status INCORRECT at Fri Jun 21 18:14:02 KST 2024
Grading submission at Fri Jun 21 18:15:01 KST 2024
Graded submission ID * with status INCORRECT at Fri Jun 21 18:15:01 KST 2024
Grading submission at Fri Jun 21 18:16:01 KST 2024
Graded submission ID * with status INCORRECT at Fri Jun 21 18:16:01 KST 2024
Grading submission at Fri Jun 21 18:17:01 KST 2024
Graded submission ID * with status INCORRECT at Fri Jun 21 18:17:01 KST 2024
Grading submission at Fri Jun 21 18:18:01 KST 2024
Grading submission at Fri Jun 21 18:19:01 KST 2024
Grading submission at Fri Jun 21 18:20:01 KST 2024
Graded submission ID * with status INCORRECT at Fri Jun 21 18:20:14 KST 2024
Graded submission ID * with status INCORRECT at Fri Jun 21 18:20:18 KST 2024
Grading submission at Fri Jun 21 18:28:02 KST 2024
Graded submission ID * with status INCORRECT at Fri Jun 21 18:28:02 KST 2024
Graded submission ID * with status INCORRECT at Fri Jun 21 18:28:16 KST 2024
Grading submission at Fri Jun 21 18:29:01 KST 2024
Graded submission ID * with status INCORRECT at Fri Jun 21 18:29:01 KST 2024
Grading submission at Fri Jun 21 18:30:01 KST 2024
Graded submission ID * with status INCORRECT at Fri Jun 21 18:30:01 KST 2024
Grading submission at Fri Jun 21 18:31:01 KST 2024
Graded submission ID * with status INCORRECT at Fri Jun 21 18:31:01 KST 2024
Grading submission at Fri Jun 21 18:32:01 KST 2024
Graded submission ID * with status INCORRECT at Fri Jun 21 18:32:01 KST 2024
Grading submission at Fri Jun 21 18:33:01 KST 2024
Graded submission ID * with status INCORRECT at Fri Jun 21 18:33:01 KST 2024
Grading submission at Fri Jun 21 18:34:01 KST 2024
Graded submission ID * with status INCORRECT at Fri Jun 21 18:34:01 KST 2024
Grading submission at Fri Jun 21 18:35:01 KST 2024
Graded submission ID * with status INCORRECT at Fri Jun 21 18:35:01 KST 2024
Grading submission at Fri Jun 21 18:36:01 KST 2024
Graded submission ID * with status INCORRECT at Fri Jun 21 18:36:02 KST 2024
Grading submission at Fri Jun 21 18:37:01 KST 2024
Graded submission ID * with status INCORRECT at Fri Jun 21 18:37:01 KST 2024
Grading submission at Fri Jun 21 18:38:01 KST 2024
Graded submission ID * with status INCORRECT at Fri Jun 21 18:38:01 KST 2024
Grading submission at Fri Jun 21 18:39:01 KST 2024
Graded submission ID * with status INCORRECT at Fri Jun 21 18:39:01 KST 2024
Grading submission at Fri Jun 21 18:46:42 KST 2024
Graded submission ID * with status INCORRECT at Fri Jun 21 18:46:42 KST 2024
Grading submission at Fri Jun 21 18:47:01 KST 2024
Graded submission ID * with status INCORRECT at Fri Jun 21 18:47:01 KST 2024
Grading submission at Fri Jun 21 18:48:01 KST 2024
Graded submission ID * with status INCORRECT at Fri Jun 21 18:48:01 KST 2024
Grading submission at Fri Jun 21 18:49:01 KST 2024
Graded submission ID * with status INCORRECT at Fri Jun 21 18:49:01 KST 2024
Grading submission at Fri Jun 21 18:56:04 KST 2024
Graded submission ID * with status INCORRECT at Fri Jun 21 18:56:04 KST 2024
Grading submission at Fri Jun 21 18:57:01 KST 2024
Graded submission ID * with status INCORRECT at Fri Jun 21 18:57:01 KST 2024
Grading submission at Fri Jun 21 18:58:01 KST 2024
Graded submission ID * with status INCORRECT at Fri Jun 21 18:58:01 KST 2024
Grading submission at Fri Jun 21 18:59:01 KST 2024
Graded submission ID * with status INCORRECT at Fri Jun 21 18:59:02 KST 2024
Grading submission at Fri Jun 21 19:00:01 KST 2024
Graded submission ID * with status INCORRECT at Fri Jun 21 19:00:01 KST 2024
Grading submission at Fri Jun 21 19:01:01 KST 2024
Graded submission ID * with status INCORRECT at Fri Jun 21 19:01:01 KST 2024
Grading submission at Fri Jun 21 19:02:01 KST 2024
Graded submission ID * with status INCORRECT at Fri Jun 21 19:02:02 KST 2024
Grading submission at Fri Jun 21 19:03:01 KST 2024
Graded submission ID * with status INCORRECT at Fri Jun 21 19:03:01 KST 2024
Grading submission at Fri Jun 21 19:04:01 KST 2024
Graded submission ID * with status INCORRECT at Fri Jun 21 19:04:01 KST 2024
Grading submission at Fri Jun 21 19:05:01 KST 2024
Graded submission ID * with status INCORRECT at Fri Jun 21 19:05:02 KST 2024
Grading submission at Fri Jun 21 19:06:01 KST 2024
Graded submission ID * with status INCORRECT at Fri Jun 21 19:06:01 KST 2024
Grading submission at Fri Jun 21 19:07:01 KST 2024
Graded submission ID * with status INCORRECT at Fri Jun 21 19:07:01 KST 2024
Grading submission at Fri Jun 21 19:08:01 KST 2024
Graded submission ID * with status INCORRECT at Fri Jun 21 19:08:01 KST 2024
Grading submission at Fri Jun 21 19:09:01 KST 2024
Graded submission ID * with status INCORRECT at Fri Jun 21 19:09:02 KST 2024
Grading submission at Fri Jun 21 19:10:01 KST 2024
Graded submission ID * with status INCORRECT at Fri Jun 21 19:10:01 KST 2024
Grading submission at Fri Jun 21 19:11:01 KST 2024
Graded submission ID * with status INCORRECT at Fri Jun 21 19:11:01 KST 2024
Grading submission at Fri Jun 21 19:12:01 KST 2024
Graded submission ID * with status INCORRECT at Fri Jun 21 19:12:01 KST 2024
Grading submission at Fri Jun 21 19:13:01 KST 2024
Graded submission ID * with status INCORRECT at Fri Jun 21 19:13:02 KST 2024
Grading submission at Fri Jun 21 19:14:01 KST 2024
Grading submission at Fri Jun 21 19:15:01 KST 2024
Graded submission ID * with status INCORRECT at Fri Jun 21 19:15:01 KST 2024
Graded submission ID * with status INCORRECT at Fri Jun 21 19:15:06 KST 2024
Grading submission at Fri Jun 21 19:16:01 KST 2024
Graded submission ID * with status INCORRECT at Fri Jun 21 19:16:02 KST 2024
Grading submission at Fri Jun 21 19:17:01 KST 2024
Graded submission ID * with status INCORRECT at Fri Jun 21 19:17:01 KST 2024
Grading submission at Fri Jun 21 19:18:01 KST 2024
Graded submission ID * with status INCORRECT at Fri Jun 21 19:18:01 KST 2024
Grading submission at Fri Jun 21 19:19:01 KST 2024
Graded submission ID * with status INCORRECT at Fri Jun 21 19:19:01 KST 2024
Grading submission at Fri Jun 21 19:20:01 KST 2024
Sending JSON: 
Graded submission ID * with status INCORRECT at Fri Jun 21 19:20:02 KST 2024
Grading submission at Fri Jun 21 19:21:01 KST 2024
Sending JSON: 
Graded submission ID * with status INCORRECT at Fri Jun 21 19:21:01 KST 2024
Grading submission at Fri Jun 21 19:22:01 KST 2024
Sending JSON: 
Graded submission ID * with status INCORRECT at Fri Jun 21 19:22:02 KST 2024
Grading submission at Fri Jun 21 19:23:01 KST 2024
Sending JSON: {"id": "*", "status": "INCORRECT"}
Graded submission ID * with status INCORRECT at Fri Jun 21 19:23:01 KST 2024
Grading submission at Fri Jun 21 19:24:01 KST 2024
Sending JSON: {"id": "*", "status": "INCORRECT"}
Graded submission ID * with status INCORRECT at Fri Jun 21 19:24:01 KST 2024
Grading submission at Fri Jun 21 19:25:01 KST 2024
Sending JSON: {"id": "*", "status": "INCORRECT"}
Graded submission ID * with status INCORRECT at Fri Jun 21 19:25:01 KST 2024
Grading submission at Fri Jun 21 19:26:01 KST 2024
Sending JSON: {"id": "*", "status": "INCORRECT"}
Graded submission ID * with status INCORRECT at Fri Jun 21 19:26:01 KST 2024
Grading submission at Fri Jun 21 19:27:01 KST 2024
Sending JSON: {"id": "*", "status": "INCORRECT"}
Graded submission ID * with status INCORRECT at Fri Jun 21 19:27:01 KST 2024
Grading submission at Fri Jun 21 19:28:01 KST 2024
Sending JSON: {"id": "*", "status": "INCORRECT"}
Graded submission ID * with status INCORRECT at Fri Jun 21 19:28:01 KST 2024
Grading submission at Fri Jun 21 19:29:01 KST 2024
Sending JSON: {"id": "*", "status": "INCORRECT"}
Graded submission ID * with status INCORRECT at Fri Jun 21 19:29:01 KST 2024
Grading submission at Fri Jun 21 19:30:01 KST 2024
Sending JSON: {"id": "*", "status": "INCORRECT"}
Graded submission ID * with status INCORRECT at Fri Jun 21 19:30:01 KST 2024
Grading submission at Fri Jun 21 19:31:01 KST 2024
Sending JSON: {"id": "*", "status": "INCORRECT"}
Graded submission ID * with status INCORRECT at Fri Jun 21 19:31:01 KST 2024
Grading submission at Fri Jun 21 19:32:01 KST 2024
Sending JSON: {"id": "*", "status": "INCORRECT"}
Grading submission at Fri Jun 21 19:33:01 KST 2024
Processing file: /mnt/c/Users/sasa0/Downloads/team_project-main/team_project-main/exec/submissions/*.py with id: *
Sending JSON: {"id": *, "status": "INCORRECT"}
Graded submission ID * with status INCORRECT at Fri Jun 21 19:33:01 KST 2024
Graded submission ID * with status INCORRECT at Fri Jun 21 19:33:05 KST 2024
Grading submission at Fri Jun 21 19:34:01 KST 2024
Processing file: /mnt/c/Users/sasa0/Downloads/team_project-main/team_project-main/exec/submissions/*.py with id: *
Sending JSON: {"id": *, "status": "INCORRECT"}
Graded submission ID * with status INCORRECT at Fri Jun 21 19:34:01 KST 2024
Grading submission at Fri Jun 21 19:35:01 KST 2024
Processing file: /mnt/c/Users/sasa0/Downloads/team_project-main/team_project-main/exec/submissions/*.py with id: *
Sending JSON: {"id": *, "status": "INCORRECT"}
Graded submission ID * with status INCORRECT at Fri Jun 21 19:35:01 KST 2024
Grading submission at Fri Jun 21 19:36:01 KST 2024
Processing file: /mnt/c/Users/sasa0/Downloads/team_project-main/team_project-main/exec/submissions/*.py with id: *
Sending JSON: {"id": *, "status": "INCORRECT"}
Graded submission ID * with status INCORRECT at Fri Jun 21 19:36:02 KST 2024
Grading submission at Fri Jun 21 19:37:01 KST 2024
Processing file: /mnt/c/Users/sasa0/Downloads/team_project-main/team_project-main/exec/submissions/*.py with id: *
Sending JSON: {"id": *, "status": "INCORRECT"}
Graded submission ID * with status INCORRECT at Fri Jun 21 19:37:01 KST 2024
Grading submission at Fri Jun 21 19:38:01 KST 2024
Processing file: /mnt/c/Users/sasa0/Downloads/team_project-main/team_project-main/exec/submissions/*.py with id: *
Sending JSON: 
Graded submission ID * with status INCORRECT at Fri Jun 21 19:38:01 KST 2024
Grading submission at Fri Jun 21 19:39:01 KST 2024
Processing file: /mnt/c/Users/sasa0/Downloads/team_project-main/team_project-main/exec/submissions/*.py with id: *
Sending JSON: 
Graded submission ID * with status INCORRECT at Fri Jun 21 19:39:01 KST 2024
Grading submission at Fri Jun 21 19:40:01 KST 2024
Processing file: /mnt/c/Users/sasa0/Downloads/team_project-main/team_project-main/exec/submissions/*.py with id: *
Sending JSON: 
Graded submission ID * with status INCORRECT at Fri Jun 21 19:40:01 KST 2024
Grading submission at Fri Jun 21 19:41:01 KST 2024
Processing file: /mnt/c/Users/sasa0/Downloads/team_project-main/team_project-main/exec/submissions/*.py with id: *
Sending JSON: 
Graded submission ID * with status INCORRECT at Fri Jun 21 19:41:01 KST 2024
Grading submission at Fri Jun 21 19:42:01 KST 2024
Processing file: /mnt/c/Users/sasa0/Downloads/team_project-main/team_project-main/exec/submissions/*.py with id: *
Sending JSON: 
Graded submission ID * with status INCORRECT at Fri Jun 21 19:42:01 KST 2024
Grading submission at Fri Jun 21 19:43:01 KST 2024
Processing file: /mnt/c/Users/sasa0/Downloads/team_project-main/team_project-main/exec/submissions/*.py with id: *
Sending JSON: 
Graded submission ID * with status INCORRECT at Fri Jun 21 19:43:01 KST 2024
Grading submission at Fri Jun 21 19:44:01 KST 2024
Processing file: /mnt/c/Users/sasa0/Downloads/team_project-main/team_project-main/exec/submissions/*.py with id: *
Sending JSON: 
Graded submission ID * with status INCORRECT at Fri Jun 21 19:44:01 KST 2024
Grading submission at Fri Jun 21 19:45:01 KST 2024
Processing file: /mnt/c/Users/sasa0/Downloads/team_project-main/team_project-main/exec/submissions/*.py with id: *
Sending JSON: 
Graded submission ID * with status INCORRECT at Fri Jun 21 19:45:01 KST 2024
Grading submission at Fri Jun 21 19:46:01 KST 2024
Processing file: /mnt/c/Users/sasa0/Downloads/team_project-main/team_project-main/exec/submissions/*.py with id: *
Sending JSON: 
Graded submission ID * with status INCORRECT at Fri Jun 21 19:46:01 KST 2024
Grading submission at Fri Jun 21 19:47:01 KST 2024
Processing file: /mnt/c/Users/sasa0/Downloads/team_project-main/team_project-main/exec/submissions/*.py with id: *
Sending JSON: 
Graded submission ID * with status INCORRECT at Fri Jun 21 19:47:01 KST 2024
Grading submission at Fri Jun 21 19:48:01 KST 2024
Processing file: /mnt/c/Users/sasa0/Downloads/team_project-main/team_project-main/exec/submissions/*.py with id: *
Sending JSON: 
Graded submission ID * with status INCORRECT at Fri Jun 21 19:48:01 KST 2024
Grading submission at Fri Jun 21 19:49:01 KST 2024
Processing file: /mnt/c/Users/sasa0/Downloads/team_project-main/team_project-main/exec/submissions/*.py with id: *
Sending JSON: 
Graded submission ID * with status INCORRECT at Fri Jun 21 19:49:01 KST 2024
Grading submission at Fri Jun 21 19:50:01 KST 2024
Processing file: /mnt/c/Users/sasa0/Downloads/team_project-main/team_project-main/exec/submissions/*.py with id: *
Sending JSON: 
Graded submission ID * with status INCORRECT at Fri Jun 21 19:50:01 KST 2024
Grading submission at Fri Jun 21 19:51:11 KST 2024
Processing file: /mnt/c/Users/sasa0/Downloads/team_project-main/team_project-main/exec/submissions/*.py with id: *
Sending JSON: 
Graded submission ID * with status INCORRECT at Fri Jun 21 19:51:11 KST 2024
Grading submission at Fri Jun 21 19:52:11 KST 2024
Processing file: /mnt/c/Users/sasa0/Downloads/team_project-main/team_project-main/exec/submissions/*.py with id: *
Sending JSON: 
Graded submission ID * with status INCORRECT at Fri Jun 21 19:52:11 KST 2024
Grading submission at Fri Jun 21 19:53:11 KST 2024
Processing file: /mnt/c/Users/sasa0/Downloads/team_project-main/team_project-main/exec/submissions/*.py with id: *
Sending JSON: 
Graded submission ID * with status INCORRECT at Fri Jun 21 19:53:12 KST 2024
Grading submission at Fri Jun 21 19:54:11 KST 2024
Processing file: /mnt/c/Users/sasa0/Downloads/team_project-main/team_project-main/exec/submissions/*.py with id: *
Sending JSON: 
Graded submission ID * with status INCORRECT at Fri Jun 21 19:54:11 KST 2024
Grading submission at Fri Jun 21 19:55:11 KST 2024
Processing file: /mnt/c/Users/sasa0/Downloads/team_project-main/team_project-main/exec/submissions/*.py with id: *
Sending JSON: 
Graded submission ID * with status INCORRECT at Fri Jun 21 19:55:11 KST 2024
Grading submission at Fri Jun 21 19:56:11 KST 2024
Processing file: /mnt/c/Users/sasa0/Downloads/team_project-main/team_project-main/exec/submissions/*.py with id: *
Sending JSON: 
Graded submission ID * with status INCORRECT at Fri Jun 21 19:56:11 KST 2024
Grading submission at Fri Jun 21 19:57:11 KST 2024
Processing file: /mnt/c/Users/sasa0/Downloads/team_project-main/team_project-main/exec/submissions/*.py with id: *
Sending JSON: 
Graded submission ID * with status INCORRECT at Fri Jun 21 19:57:11 KST 2024
Grading submission at Fri Jun 21 19:58:11 KST 2024
Processing file: /mnt/c/Users/sasa0/Downloads/team_project-main/team_project-main/exec/submissions/*.py with id: *
Sending JSON: 
Graded submission ID * with status INCORRECT at Fri Jun 21 19:58:11 KST 2024
Grading submission at Fri Jun 21 19:59:11 KST 2024
Processing file: /mnt/c/Users/sasa0/Downloads/team_project-main/team_project-main/exec/submissions/*.py with id: *
Sending JSON: 
Graded submission ID * with status INCORRECT at Fri Jun 21 19:59:11 KST 2024
Grading submission at Fri Jun 21 20:00:12 KST 2024
Processing file: /mnt/c/Users/sasa0/Downloads/team_project-main/team_project-main/exec/submissions/*.py with id: *
Sending JSON: 
Graded submission ID * with status INCORRECT at Fri Jun 21 20:00:12 KST 2024
Grading submission at Fri Jun 21 20:01:11 KST 2024
Processing file: /mnt/c/Users/sasa0/Downloads/team_project-main/team_project-main/exec/submissions/*.py with id: *
Sending JSON: 
Graded submission ID * with status INCORRECT at Fri Jun 21 20:01:11 KST 2024
Grading submission at Fri Jun 21 20:02:11 KST 2024
Processing file: /mnt/c/Users/sasa0/Downloads/team_project-main/team_project-main/exec/submissions/*.py with id: *
Sending JSON: 
Graded submission ID * with status INCORRECT at Fri Jun 21 20:02:11 KST 2024
Grading submission at Fri Jun 21 20:03:11 KST 2024
Processing file: /mnt/c/Users/sasa0/Downloads/team_project-main/team_project-main/exec/submissions/*.py with id: *
Sending JSON: 
Graded submission ID * with status INCORRECT at Fri Jun 21 20:03:11 KST 2024
Grading submission at Fri Jun 21 20:04:11 KST 2024
Processing file: /mnt/c/Users/sasa0/Downloads/team_project-main/team_project-main/exec/submissions/*.py with id: *
Sending JSON: 
Graded submission ID * with status INCORRECT at Fri Jun 21 20:04:11 KST 2024
Grading submission at Fri Jun 21 20:05:11 KST 2024
Processing file: /mnt/c/Users/sasa0/Downloads/team_project-main/team_project-main/exec/submissions/*.py with id: *
Sending JSON: 
Graded submission ID * with status INCORRECT at Fri Jun 21 20:05:11 KST 2024
Grading submission at Fri Jun 21 20:06:11 KST 2024
Processing file: /mnt/c/Users/sasa0/Downloads/team_project-main/team_project-main/exec/submissions/*.py with id: *
Sending JSON: 
Graded submission ID * with status INCORRECT at Fri Jun 21 20:06:12 KST 2024
Grading submission at Fri Jun 21 20:07:11 KST 2024
Processing file: /mnt/c/Users/sasa0/Downloads/team_project-main/team_project-main/exec/submissions/*.py with id: *
Sending JSON: 
Graded submission ID * with status INCORRECT at Fri Jun 21 20:07:11 KST 2024
Grading submission at Fri Jun 21 20:08:11 KST 2024
Processing file: /mnt/c/Users/sasa0/Downloads/team_project-main/team_project-main/exec/submissions/*.py with id: *
Sending JSON: 
Graded submission ID * with status INCORRECT at Fri Jun 21 20:08:11 KST 2024
Grading submission at Fri Jun 21 20:09:11 KST 2024
Processing file: /mnt/c/Users/sasa0/Downloads/team_project-main/team_project-main/exec/submissions/*.py with id: *
Sending JSON: 
Graded submission ID * with status INCORRECT at Fri Jun 21 20:09:11 KST 2024
Grading submission at Fri Jun 21 20:10:11 KST 2024
Processing file: /mnt/c/Users/sasa0/Downloads/team_project-main/team_project-main/exec/submissions/*.py with id: *
Sending JSON: 
Graded submission ID * with status INCORRECT at Fri Jun 21 20:10:11 KST 2024
Grading submission at Fri Jun 21 20:11:11 KST 2024
Processing file: /mnt/c/Users/sasa0/Downloads/team_project-main/team_project-main/exec/submissions/*.py with id: *
Sending JSON: 
Graded submission ID * with status INCORRECT at Fri Jun 21 20:11:11 KST 2024
Grading submission at Fri Jun 21 20:12:11 KST 2024
Processing file: /mnt/c/Users/sasa0/Downloads/team_project-main/team_project-main/exec/submissions/*.py with id: *
Sending JSON: 
Graded submission ID * with status INCORRECT at Fri Jun 21 20:12:11 KST 2024
Grading submission at Fri Jun 21 20:13:12 KST 2024
Processing file: /mnt/c/Users/sasa0/Downloads/team_project-main/team_project-main/exec/submissions/*.py with id: *
Sending JSON: 
Graded submission ID * with status INCORRECT at Fri Jun 21 20:13:12 KST 2024
Grading submission at Fri Jun 21 20:14:11 KST 2024
Processing file: /mnt/c/Users/sasa0/Downloads/team_project-main/team_project-main/exec/submissions/*.py with id: *
Sending JSON: 
Graded submission ID * with status INCORRECT at Fri Jun 21 20:14:11 KST 2024
Grading submission at Fri Jun 21 20:15:11 KST 2024
Processing file: /mnt/c/Users/sasa0/Downloads/team_project-main/team_project-main/exec/submissions/*.py with id: *
Sending JSON: 
Graded submission ID * with status INCORRECT at Fri Jun 21 20:15:11 KST 2024
Grading submission at Fri Jun 21 20:16:11 KST 2024
Processing file: /mnt/c/Users/sasa0/Downloads/team_project-main/team_project-main/exec/submissions/*.py with id: *
Sending JSON: 
Graded submission ID * with status INCORRECT at Fri Jun 21 20:16:11 KST 2024
Grading submission at Fri Jun 21 20:17:11 KST 2024
Processing file: /mnt/c/Users/sasa0/Downloads/team_project-main/team_project-main/exec/submissions/*.py with id: *
Sending JSON: 
Graded submission ID * with status INCORRECT at Fri Jun 21 20:17:11 KST 2024
Grading submission at Fri Jun 21 20:18:11 KST 2024
Processing file: /mnt/c/Users/sasa0/Downloads/team_project-main/team_project-main/exec/submissions/*.py with id: *
Sending JSON: 
Failed to send PATCH request. HTTP response code: 422
Graded submission ID * with status INCORRECT at Fri Jun 21 20:18:11 KST 2024
Grading submission at Fri Jun 21 20:19:11 KST 2024
Processing file: /mnt/c/Users/sasa0/Downloads/team_project-main/team_project-main/exec/submissions/*.py with id: *
Sending JSON: 
Failed to send PATCH request. HTTP response code: 422
Graded submission ID * with status INCORRECT at Fri Jun 21 20:19:11 KST 2024
Grading submission at Fri Jun 21 20:20:11 KST 2024
Processing file: /mnt/c/Users/sasa0/Downloads/team_project-main/team_project-main/exec/submissions/*.py with id: *
Sending JSON: 
Failed to send PATCH request. HTTP response code: 422
Graded submission ID * with status INCORRECT at Fri Jun 21 20:20:11 KST 2024
Grading submission at Fri Jun 21 20:21:12 KST 2024
Processing file: /mnt/c/Users/sasa0/Downloads/team_project-main/team_project-main/exec/submissions/*.py with id: *
Sending JSON: 
Failed to send PATCH request. HTTP response code: 422
Graded submission ID * with status INCORRECT at Fri Jun 21 20:21:12 KST 2024
Grading submission at Fri Jun 21 20:22:11 KST 2024
Processing file: /mnt/c/Users/sasa0/Downloads/team_project-main/team_project-main/exec/submissions/*.py with id: *
Sending JSON: 
Failed to send PATCH request. HTTP response code: 422
Graded submission ID * with status INCORRECT at Fri Jun 21 20:22:11 KST 2024
Grading submission at Fri Jun 21 20:23:11 KST 2024
Processing file: /mnt/c/Users/sasa0/Downloads/team_project-main/team_project-main/exec/submissions/*.py with id: *
Sending JSON: 
Failed to send PATCH request. HTTP response code: 422
Graded submission ID * with status INCORRECT at Fri Jun 21 20:23:11 KST 2024
Grading submission at Fri Jun 21 20:24:11 KST 2024
Processing file: /mnt/c/Users/sasa0/Downloads/team_project-main/team_project-main/exec/submissions/*.py with id: *
Sending JSON: 
Failed to send PATCH request. HTTP response code: 422
Graded submission ID * with status INCORRECT at Fri Jun 21 20:24:11 KST 2024
Grading submission at Fri Jun 21 20:25:11 KST 2024
Processing file: /mnt/c/Users/sasa0/Downloads/team_project-main/team_project-main/exec/submissions/*.py with id: *
Sending JSON: 
Failed to send PATCH request. HTTP response code: 422
Graded submission ID * with status INCORRECT at Fri Jun 21 20:25:11 KST 2024
Grading submission at Fri Jun 21 20:26:11 KST 2024
Processing file: /mnt/c/Users/sasa0/Downloads/team_project-main/team_project-main/exec/submissions/*.py with id: *
Execution output:
Execution error:
Sending JSON: {"id": "*", "status": "INCORRECT"}
Server response: 422
Graded submission ID * with status INCORRECT at Fri Jun 21 20:26:12 KST 2024
Grading submission at Fri Jun 21 20:27:11 KST 2024
Processing file: /mnt/c/Users/sasa0/Downloads/team_project-main/team_project-main/exec/submissions/*.py with id: *
Execution output:
Execution error:
Sending JSON: {"id": "*", "status": "INCORRECT"}
Server response: 422
Graded submission ID * with status INCORRECT at Fri Jun 21 20:27:11 KST 2024
Grading submission at Fri Jun 21 20:28:11 KST 2024
Processing file: /mnt/c/Users/sasa0/Downloads/team_project-main/team_project-main/exec/submissions/*.py with id: *
Execution output:
Execution error:
Sending JSON: {"id": "*", "status": "INCORRECT"}
Server response: 422
Graded submission ID * with status INCORRECT at Fri Jun 21 20:28:11 KST 2024
Grading submission at Fri Jun 21 20:29:11 KST 2024
Processing file: /mnt/c/Users/sasa0/Downloads/team_project-main/team_project-main/exec/submissions/*.py with id: *
Execution output:
Execution error:
Sending JSON: {
  "id": "*",
  "status": "INCORRECT"
}
Server response: 422
Graded submission ID * with status INCORRECT at Fri Jun 21 20:29:11 KST 2024
Grading submission at Fri Jun 21 20:30:11 KST 2024
Processing file: /mnt/c/Users/sasa0/Downloads/team_project-main/team_project-main/exec/submissions/*.py with id: *
Execution output:
Execution error:
Sending JSON: {
  "id": "*",
  "status": "INCORRECT"
}
Server response: 422
Graded submission ID * with status INCORRECT at Fri Jun 21 20:30:11 KST 2024
Grading submission at Fri Jun 21 20:31:11 KST 2024
Processing file: /mnt/c/Users/sasa0/Downloads/team_project-main/team_project-main/exec/submissions/*.py with id: *
Execution output:
Execution error:
Sending JSON: {
  "id": "*",
  "status": "INCORRECT"
}
Server response: 422
Graded submission ID * with status INCORRECT at Fri Jun 21 20:31:11 KST 2024
Grading submission at Fri Jun 21 20:32:11 KST 2024
Processing file: /mnt/c/Users/sasa0/Downloads/team_project-main/team_project-main/exec/submissions/*.py with id: *
Execution output:
Execution error:
Sending JSON: {
  "id": "*",
  "status": "INCORRECT"
}
Server response: 422
Graded submission ID * with status INCORRECT at Fri Jun 21 20:32:11 KST 2024
Grading submission at Fri Jun 21 20:33:11 KST 2024
Processing file: /mnt/c/Users/sasa0/Downloads/team_project-main/team_project-main/exec/submissions/*.py with id: *
Execution output:
Execution error:
Sending JSON: {
  "id": "*",
  "status": "INCORRECT"
}
Server response: 422
Graded submission ID * with status INCORRECT at Fri Jun 21 20:33:12 KST 2024
Grading submission at Fri Jun 21 20:34:11 KST 2024
Processing file: /mnt/c/Users/sasa0/Downloads/team_project-main/team_project-main/exec/submissions/*.py with id: *
Execution output:
Execution error:
Sending JSON: {
  "id": "*",
  "status": "INCORRECT"
}
Server response: 405
Graded submission ID * with status INCORRECT at Fri Jun 21 20:34:11 KST 2024
Grading submission at Fri Jun 21 20:35:11 KST 2024
Processing file: /mnt/c/Users/sasa0/Downloads/team_project-main/team_project-main/exec/submissions/*.py with id: *
Execution output:
Execution error:
Sending JSON: {
  "id": "*",
  "status": "INCORRECT"
}
Server response: 405
Graded submission ID * with status INCORRECT at Fri Jun 21 20:35:11 KST 2024
Grading submission at Fri Jun 21 20:36:11 KST 2024
Processing file: /mnt/c/Users/sasa0/Downloads/team_project-main/team_project-main/exec/submissions/*.py with id: *
Execution output:
Execution error:
Sending JSON: {
  "id": "*",
  "status": "INCORRECT"
}
Server response: 405
Graded submission ID * with status INCORRECT at Fri Jun 21 20:36:11 KST 2024
Grading submission at Fri Jun 21 20:37:11 KST 2024
Processing file: /mnt/c/Users/sasa0/Downloads/team_project-main/team_project-main/exec/submissions/*.py with id: *
Execution output:
Execution error:
Sending JSON: {
  "id": "*",
  "status": "INCORRECT"
}
Server response: 405
Graded submission ID * with status INCORRECT at Fri Jun 21 20:37:11 KST 2024
Grading submission at Fri Jun 21 20:38:11 KST 2024
Processing file: /mnt/c/Users/sasa0/Downloads/team_project-main/team_project-main/exec/submissions/*.py with id: *
Execution output:
Execution error:
Sending JSON: {
  "id": "*",
  "status": "INCORRECT"
}
Server response: 405
Graded submission ID * with status INCORRECT at Fri Jun 21 20:38:12 KST 2024
Grading submission at Fri Jun 21 20:39:11 KST 2024
Processing file: /mnt/c/Users/sasa0/Downloads/team_project-main/team_project-main/exec/submissions/*.py with id: *
Execution output:
Execution error:
Sending JSON: {
  "id": "*",
  "status": "INCORRECT"
}
Server response: 405
Graded submission ID * with status INCORRECT at Fri Jun 21 20:39:11 KST 2024
Grading submission at Fri Jun 21 20:40:11 KST 2024
Processing file: /mnt/c/Users/sasa0/Downloads/team_project-main/team_project-main/exec/submissions/30.py with id: 30
Execution output:
hello world
Execution error:
Sending JSON: {
  "id": "30",
  "status": "INCORRECT"
}
Server response: 405
Graded submission ID 30 with status INCORRECT at Fri Jun 21 20:40:11 KST 2024
Grading submission at Fri Jun 21 20:41:11 KST 2024
Processing file: /mnt/c/Users/sasa0/Downloads/team_project-main/team_project-main/exec/submissions/30.py with id: 30
Execution output:
hello world
Execution error:
Sending JSON: {
  "id": "30",
  "status": "INCORRECT"
}
Server response: 200
Graded submission ID 30 with status INCORRECT at Fri Jun 21 20:41:11 KST 2024
Processing file: /mnt/c/Users/sasa0/Downloads/team_project-main/team_project-main/exec/submissions/31.py with id: 31
Execution output:
hello world
Execution error:
Sending JSON: {
  "id": "31",
  "status": "INCORRECT"
}
Server response: 200
Graded submission ID 31 with status INCORRECT at Fri Jun 21 20:41:12 KST 2024
Grading submission at Fri Jun 21 20:42:11 KST 2024
Processing file: /mnt/c/Users/sasa0/Downloads/team_project-main/team_project-main/exec/submissions/30.py with id: 30
Execution output:
hello world
Execution error:
Sending JSON: {
  "id": "30",
  "status": "INCORRECT"
}
Server response: 200
Graded submission ID 30 with status INCORRECT at Fri Jun 21 20:42:11 KST 2024
Processing file: /mnt/c/Users/sasa0/Downloads/team_project-main/team_project-main/exec/submissions/31.py with id: 31
Execution output:
hello world
Execution error:
Sending JSON: {
  "id": "31",
  "status": "INCORRECT"
}
Server response: 200
Graded submission ID 31 with status INCORRECT at Fri Jun 21 20:42:11 KST 2024
Processing file: /mnt/c/Users/sasa0/Downloads/team_project-main/team_project-main/exec/submissions/32.py with id: 32
Execution output:
hello world
Execution error:
Sending JSON: {
  "id": "32",
  "status": "INCORRECT"
}
Server response: 200
Graded submission ID 32 with status INCORRECT at Fri Jun 21 20:42:11 KST 2024
Grading submission at Fri Jun 21 20:43:11 KST 2024
Processing file: /mnt/c/Users/sasa0/Downloads/team_project-main/team_project-main/exec/submissions/30.py with id: 30
Execution output:
hello world
Execution error:
Sending JSON: {
  "id": "30",
  "status": "INCORRECT"
}
Server response: 200
Graded submission ID 30 with status INCORRECT at Fri Jun 21 20:43:12 KST 2024
Processing file: /mnt/c/Users/sasa0/Downloads/team_project-main/team_project-main/exec/submissions/31.py with id: 31
Execution output:
hello world
Execution error:
Sending JSON: {
  "id": "31",
  "status": "INCORRECT"
}
Server response: 200
Graded submission ID 31 with status INCORRECT at Fri Jun 21 20:43:12 KST 2024
Processing file: /mnt/c/Users/sasa0/Downloads/team_project-main/team_project-main/exec/submissions/32.py with id: 32
Execution output:
hello world
Execution error:
Sending JSON: {
  "id": "32",
  "status": "INCORRECT"
}
Server response: 200
Graded submission ID 32 with status INCORRECT at Fri Jun 21 20:43:12 KST 2024
Processing file: /mnt/c/Users/sasa0/Downloads/team_project-main/team_project-main/exec/submissions/33.py with id: 33
Execution output:
hello world
Execution error:
Sending JSON: {
  "id": "33",
  "status": "INCORRECT"
}
Server response: 200
Graded submission ID 33 with status INCORRECT at Fri Jun 21 20:43:13 KST 2024
Grading submission at Fri Jun 21 20:44:11 KST 2024
Processing file: /mnt/c/Users/sasa0/Downloads/team_project-main/team_project-main/exec/submissions/30.py with id: 30
Execution output:
hello world
Execution error:
Sending JSON: {
  "id": "30",
  "status": "INCORRECT"
}
Server response: 200
Graded submission ID 30 with status INCORRECT at Fri Jun 21 20:44:11 KST 2024
Processing file: /mnt/c/Users/sasa0/Downloads/team_project-main/team_project-main/exec/submissions/31.py with id: 31
Execution output:
hello world
Execution error:
Sending JSON: {
  "id": "31",
  "status": "INCORRECT"
}
Server response: 200
Graded submission ID 31 with status INCORRECT at Fri Jun 21 20:44:11 KST 2024
Processing file: /mnt/c/Users/sasa0/Downloads/team_project-main/team_project-main/exec/submissions/32.py with id: 32
Execution output:
hello world
Execution error:
Sending JSON: {
  "id": "32",
  "status": "INCORRECT"
}
Server response: 200
Graded submission ID 32 with status INCORRECT at Fri Jun 21 20:44:11 KST 2024
Processing file: /mnt/c/Users/sasa0/Downloads/team_project-main/team_project-main/exec/submissions/33.py with id: 33
Execution output:
hello world
Execution error:
Sending JSON: {
  "id": "33",
  "status": "INCORRECT"
}
Server response: 200
Graded submission ID 33 with status INCORRECT at Fri Jun 21 20:44:12 KST 2024
Processing file: /mnt/c/Users/sasa0/Downloads/team_project-main/team_project-main/exec/submissions/34.py with id: 34
Execution output:
hello world
Execution error:
Sending JSON: {
  "id": "34",
  "status": "INCORRECT"
}
Server response: 200
Graded submission ID 34 with status INCORRECT at Fri Jun 21 20:44:12 KST 2024
Grading submission at Fri Jun 21 20:45:11 KST 2024
Processing file: /mnt/c/Users/sasa0/Downloads/team_project-main/team_project-main/exec/submissions/30.py with id: 30
Execution output:
hello world
Execution error:
Sending JSON: {
  "id": "30",
  "status": "INCORRECT"
}
Server response: 200
Graded submission ID 30 with status INCORRECT at Fri Jun 21 20:45:11 KST 2024
Processing file: /mnt/c/Users/sasa0/Downloads/team_project-main/team_project-main/exec/submissions/31.py with id: 31
Execution output:
hello world
Execution error:
Sending JSON: {
  "id": "31",
  "status": "INCORRECT"
}
Server response: 200
Graded submission ID 31 with status INCORRECT at Fri Jun 21 20:45:12 KST 2024
Processing file: /mnt/c/Users/sasa0/Downloads/team_project-main/team_project-main/exec/submissions/32.py with id: 32
Execution output:
hello world
Execution error:
Sending JSON: {
  "id": "32",
  "status": "INCORRECT"
}
Server response: 200
Graded submission ID 32 with status INCORRECT at Fri Jun 21 20:45:12 KST 2024
Processing file: /mnt/c/Users/sasa0/Downloads/team_project-main/team_project-main/exec/submissions/33.py with id: 33
Execution output:
hello world
Execution error:
Sending JSON: {
  "id": "33",
  "status": "INCORRECT"
}
Server response: 200
Graded submission ID 33 with status INCORRECT at Fri Jun 21 20:45:12 KST 2024
Processing file: /mnt/c/Users/sasa0/Downloads/team_project-main/team_project-main/exec/submissions/34.py with id: 34
Execution output:
hello world
Execution error:
Sending JSON: {
  "id": "34",
  "status": "INCORRECT"
}
Server response: 200
Graded submission ID 34 with status INCORRECT at Fri Jun 21 20:45:12 KST 2024
Processing file: /mnt/c/Users/sasa0/Downloads/team_project-main/team_project-main/exec/submissions/35.py with id: 35
Execution output:
hello world
Execution error:
Sending JSON: {
  "id": "35",
  "status": "INCORRECT"
}
Server response: 200
Graded submission ID 35 with status INCORRECT at Fri Jun 21 20:45:12 KST 2024
Grading submission at Fri Jun 21 20:46:11 KST 2024
Processing file: /mnt/c/Users/sasa0/Downloads/team_project-main/team_project-main/exec/submissions/30.py with id: 30
Execution output:
hello world
Execution error:
Sending JSON: {
  "id": "30",
  "status": "INCORRECT"
}
Grading submission at Fri Jun 21 20:47:11 KST 2024
Processing file: /mnt/c/Users/sasa0/Downloads/team_project-main/team_project-main/exec/submissions/30.py with id: 30
Execution output:
hello world
Execution error:
Sending JSON: {
  "id": "30",
  "status": "INCORRECT"
}
Grading submission at Fri Jun 21 20:48:11 KST 2024
Processing file: /mnt/c/Users/sasa0/Downloads/team_project-main/team_project-main/exec/submissions/30.py with id: 30
Execution output:
hello world
Execution error:
Sending JSON: {
  "id": "30",
  "status": "INCORRECT"
}
Server response: 000
Graded submission ID 30 with status INCORRECT at Fri Jun 21 20:48:24 KST 2024
Processing file: /mnt/c/Users/sasa0/Downloads/team_project-main/team_project-main/exec/submissions/31.py with id: 31
Execution output:
hello world
Execution error:
Sending JSON: {
  "id": "31",
  "status": "INCORRECT"
}
Grading submission at Fri Jun 21 20:49:11 KST 2024
Processing file: /mnt/c/Users/sasa0/Downloads/team_project-main/team_project-main/exec/submissions/30.py with id: 30
Execution output:
hello world
Execution error:
Sending JSON: {
  "id": "30",
  "status": "INCORRECT"
}
Server response: 000
Graded submission ID 30 with status INCORRECT at Fri Jun 21 20:49:21 KST 2024
Processing file: /mnt/c/Users/sasa0/Downloads/team_project-main/team_project-main/exec/submissions/31.py with id: 31
Execution output:
hello world
Execution error:
Sending JSON: {
  "id": "31",
  "status": "INCORRECT"
}
Grading submission at Fri Jun 21 20:50:11 KST 2024
Processing file: /mnt/c/Users/sasa0/Downloads/team_project-main/team_project-main/exec/submissions/30.py with id: 30
Execution output:
hello world
Execution error:
Sending JSON: {
  "id": "30",
  "status": "INCORRECT"
}
Server response: 000
Graded submission ID 30 with status INCORRECT at Fri Jun 21 20:50:22 KST 2024
Processing file: /mnt/c/Users/sasa0/Downloads/team_project-main/team_project-main/exec/submissions/31.py with id: 31
Execution output:
hello world
Execution error:
Sending JSON: {
  "id": "31",
  "status": "INCORRECT"
}
Server response: 000
Graded submission ID 31 with status INCORRECT at Fri Jun 21 20:50:38 KST 2024
Processing file: /mnt/c/Users/sasa0/Downloads/team_project-main/team_project-main/exec/submissions/32.py with id: 32
Execution output:
hello world
Execution error:
Sending JSON: {
  "id": "32",
  "status": "INCORRECT"
}
Grading submission at Fri Jun 21 20:51:11 KST 2024
Processing file: /mnt/c/Users/sasa0/Downloads/team_project-main/team_project-main/exec/submissions/30.py with id: 30
Execution output:
hello world
Execution error:
Sending JSON: {
  "id": "30",
  "status": "INCORRECT"
}
Server response: 000
Graded submission ID 30 with status INCORRECT at Fri Jun 21 20:51:24 KST 2024
Processing file: /mnt/c/Users/sasa0/Downloads/team_project-main/team_project-main/exec/submissions/31.py with id: 31
Execution output:
hello world
Execution error:
Sending JSON: {
  "id": "31",
  "status": "INCORRECT"
}
Server response: 000
Graded submission ID 31 with status INCORRECT at Fri Jun 21 20:51:34 KST 2024
Processing file: /mnt/c/Users/sasa0/Downloads/team_project-main/team_project-main/exec/submissions/32.py with id: 32
Execution output:
hello world
Execution error:
Sending JSON: {
  "id": "32",
  "status": "INCORRECT"
}
Grading submission at Fri Jun 21 20:52:11 KST 2024
Processing file: /mnt/c/Users/sasa0/Downloads/team_project-main/team_project-main/exec/submissions/30.py with id: 30
Execution output:
hello world
Execution error:
Sending JSON: {
  "id": "30",
  "status": "INCORRECT"
}
Server response: 000
Graded submission ID 30 with status INCORRECT at Fri Jun 21 20:52:20 KST 2024
Processing file: /mnt/c/Users/sasa0/Downloads/team_project-main/team_project-main/exec/submissions/31.py with id: 31
Execution output:
hello world
Execution error:
Sending JSON: {
  "id": "31",
  "status": "INCORRECT"
}
Server response: 000
Graded submission ID 31 with status INCORRECT at Fri Jun 21 20:52:35 KST 2024
Processing file: /mnt/c/Users/sasa0/Downloads/team_project-main/team_project-main/exec/submissions/32.py with id: 32
Execution output:
hello world
Execution error:
Sending JSON: {
  "id": "32",
  "status": "INCORRECT"
}
Server response: 000
Graded submission ID 32 with status INCORRECT at Fri Jun 21 20:52:51 KST 2024
Processing file: /mnt/c/Users/sasa0/Downloads/team_project-main/team_project-main/exec/submissions/33.py with id: 33
Execution output:
hello world
Execution error:
Sending JSON: {
  "id": "33",
  "status": "INCORRECT"
}
Grading submission at Fri Jun 21 20:53:11 KST 2024
Processing file: /mnt/c/Users/sasa0/Downloads/team_project-main/team_project-main/exec/submissions/30.py with id: 30
Execution output:
hello world
Execution error:
Sending JSON: {
  "id": "30",
  "status": "INCORRECT"
}
Server response: 000
Graded submission ID 30 with status INCORRECT at Fri Jun 21 20:53:21 KST 2024
Processing file: /mnt/c/Users/sasa0/Downloads/team_project-main/team_project-main/exec/submissions/31.py with id: 31
Execution output:
hello world
Execution error:
Sending JSON: {
  "id": "31",
  "status": "INCORRECT"
}
Server response: 000
Graded submission ID 31 with status INCORRECT at Fri Jun 21 20:53:37 KST 2024
Processing file: /mnt/c/Users/sasa0/Downloads/team_project-main/team_project-main/exec/submissions/32.py with id: 32
Execution output:
hello world
Execution error:
Sending JSON: {
  "id": "32",
  "status": "INCORRECT"
}
Server response: 000
Graded submission ID 32 with status INCORRECT at Fri Jun 21 20:53:47 KST 2024
Processing file: /mnt/c/Users/sasa0/Downloads/team_project-main/team_project-main/exec/submissions/33.py with id: 33
Execution output:
hello world
Execution error:
Sending JSON: {
  "id": "33",
  "status": "INCORRECT"
}
Grading submission at Fri Jun 21 20:54:11 KST 2024
Processing file: /mnt/c/Users/sasa0/Downloads/team_project-main/team_project-main/exec/submissions/30.py with id: 30
Execution output:
hello world
Execution error:
Sending JSON: {
  "id": "30",
  "status": "INCORRECT"
}
Server response: 000
Graded submission ID 30 with status INCORRECT at Fri Jun 21 20:54:23 KST 2024
Processing file: /mnt/c/Users/sasa0/Downloads/team_project-main/team_project-main/exec/submissions/31.py with id: 31
Execution output:
hello world
Execution error:
Sending JSON: {
  "id": "31",
  "status": "INCORRECT"
}
Server response: 000
Graded submission ID 31 with status INCORRECT at Fri Jun 21 20:54:33 KST 2024
Processing file: /mnt/c/Users/sasa0/Downloads/team_project-main/team_project-main/exec/submissions/32.py with id: 32
Execution output:
hello world
Execution error:
Sending JSON: {
  "id": "32",
  "status": "INCORRECT"
}
Server response: 000
Graded submission ID 32 with status INCORRECT at Fri Jun 21 20:54:48 KST 2024
Processing file: /mnt/c/Users/sasa0/Downloads/team_project-main/team_project-main/exec/submissions/33.py with id: 33
Execution output:
hello world
Execution error:
Sending JSON: {
  "id": "33",
  "status": "INCORRECT"
}
Server response: 000
Graded submission ID 33 with status INCORRECT at Fri Jun 21 20:55:04 KST 2024
Processing file: /mnt/c/Users/sasa0/Downloads/team_project-main/team_project-main/exec/submissions/34.py with id: 34
Execution output:
hello world
Execution error:
Sending JSON: {
  "id": "34",
  "status": "INCORRECT"
}
Grading submission at Fri Jun 21 20:55:11 KST 2024
Processing file: /mnt/c/Users/sasa0/Downloads/team_project-main/team_project-main/exec/submissions/30.py with id: 30
Execution output:
hello world
Execution error:
Sending JSON: {
  "id": "30",
  "status": "INCORRECT"
}
Server response: 000
Graded submission ID 30 with status INCORRECT at Fri Jun 21 20:55:24 KST 2024
Processing file: /mnt/c/Users/sasa0/Downloads/team_project-main/team_project-main/exec/submissions/31.py with id: 31
Execution output:
hello world
Execution error:
Sending JSON: {
  "id": "31",
  "status": "INCORRECT"
}
Server response: 000
Graded submission ID 31 with status INCORRECT at Fri Jun 21 20:55:35 KST 2024
Processing file: /mnt/c/Users/sasa0/Downloads/team_project-main/team_project-main/exec/submissions/32.py with id: 32
Execution output:
hello world
Execution error:
Sending JSON: {
  "id": "32",
  "status": "INCORRECT"
}
Server response: 000
Graded submission ID 32 with status INCORRECT at Fri Jun 21 20:55:50 KST 2024
Processing file: /mnt/c/Users/sasa0/Downloads/team_project-main/team_project-main/exec/submissions/33.py with id: 33
Execution output:
hello world
Execution error:
Sending JSON: {
  "id": "33",
  "status": "INCORRECT"
}
Server response: 000
Graded submission ID 33 with status INCORRECT at Fri Jun 21 20:56:00 KST 2024
Processing file: /mnt/c/Users/sasa0/Downloads/team_project-main/team_project-main/exec/submissions/34.py with id: 34
Execution output:
hello world
Execution error:
Sending JSON: {
  "id": "34",
  "status": "INCORRECT"
}
Grading submission at Fri Jun 21 20:56:11 KST 2024
Processing file: /mnt/c/Users/sasa0/Downloads/team_project-main/team_project-main/exec/submissions/30.py with id: 30
Execution output:
hello world
Execution error:
Sending JSON: {
  "id": "30",
  "status": "INCORRECT"
}
Server response: 000
Graded submission ID 30 with status INCORRECT at Fri Jun 21 20:56:21 KST 2024
Processing file: /mnt/c/Users/sasa0/Downloads/team_project-main/team_project-main/exec/submissions/31.py with id: 31
Execution output:
hello world
Execution error:
Sending JSON: {
  "id": "31",
  "status": "INCORRECT"
}
Server response: 000
Graded submission ID 31 with status INCORRECT at Fri Jun 21 20:56:36 KST 2024
Processing file: /mnt/c/Users/sasa0/Downloads/team_project-main/team_project-main/exec/submissions/32.py with id: 32
Execution output:
hello world
Execution error:
Sending JSON: {
  "id": "32",
  "status": "INCORRECT"
}
Server response: 000
Graded submission ID 32 with status INCORRECT at Fri Jun 21 20:56:46 KST 2024
Processing file: /mnt/c/Users/sasa0/Downloads/team_project-main/team_project-main/exec/submissions/33.py with id: 33
Execution output:
hello world
Execution error:
Sending JSON: {
  "id": "33",
  "status": "INCORRECT"
}
Server response: 000
Graded submission ID 33 with status INCORRECT at Fri Jun 21 20:57:02 KST 2024
Processing file: /mnt/c/Users/sasa0/Downloads/team_project-main/team_project-main/exec/submissions/34.py with id: 34
Execution output:
hello world
Execution error:
Sending JSON: {
  "id": "34",
  "status": "INCORRECT"
}
Grading submission at Fri Jun 21 20:57:12 KST 2024
Processing file: /mnt/c/Users/sasa0/Downloads/team_project-main/team_project-main/exec/submissions/30.py with id: 30
Execution output:
hello world
Execution error:
Sending JSON: {
  "id": "30",
  "status": "INCORRECT"
}
Server response: 000
Graded submission ID 34 with status INCORRECT at Fri Jun 21 20:57:17 KST 2024
Processing file: /mnt/c/Users/sasa0/Downloads/team_project-main/team_project-main/exec/submissions/35.py with id: 35
Execution output:
hello world
Execution error:
Sending JSON: {
  "id": "35",
  "status": "INCORRECT"
}
Server response: 000
Graded submission ID 30 with status INCORRECT at Fri Jun 21 20:57:22 KST 2024
Processing file: /mnt/c/Users/sasa0/Downloads/team_project-main/team_project-main/exec/submissions/31.py with id: 31
Execution output:
hello world
Execution error:
Sending JSON: {
  "id": "31",
  "status": "INCORRECT"
}
Server response: 000
Graded submission ID 31 with status INCORRECT at Fri Jun 21 20:57:37 KST 2024
Processing file: /mnt/c/Users/sasa0/Downloads/team_project-main/team_project-main/exec/submissions/32.py with id: 32
Execution output:
hello world
Execution error:
Sending JSON: {
  "id": "32",
  "status": "INCORRECT"
}
Server response: 000
Graded submission ID 32 with status INCORRECT at Fri Jun 21 20:57:48 KST 2024
Processing file: /mnt/c/Users/sasa0/Downloads/team_project-main/team_project-main/exec/submissions/33.py with id: 33
Execution output:
hello world
Execution error:
Sending JSON: {
  "id": "33",
  "status": "INCORRECT"
}
Server response: 000
Graded submission ID 33 with status INCORRECT at Fri Jun 21 20:58:03 KST 2024
Processing file: /mnt/c/Users/sasa0/Downloads/team_project-main/team_project-main/exec/submissions/34.py with id: 34
Execution output:
hello world
Execution error:
Sending JSON: {
  "id": "34",
  "status": "INCORRECT"
}
Grading submission at Fri Jun 21 20:58:11 KST 2024
Processing file: /mnt/c/Users/sasa0/Downloads/team_project-main/team_project-main/exec/submissions/30.py with id: 30
Execution output:
hello world
Execution error:
Sending JSON: {
  "id": "30",
  "status": "INCORRECT"
}
Server response: 000
Graded submission ID 34 with status INCORRECT at Fri Jun 21 20:58:13 KST 2024
Processing file: /mnt/c/Users/sasa0/Downloads/team_project-main/team_project-main/exec/submissions/35.py with id: 35
Execution output:
hello world
Execution error:
Sending JSON: {
  "id": "35",
  "status": "INCORRECT"
}
Server response: 000
Graded submission ID 30 with status INCORRECT at Fri Jun 21 20:58:23 KST 2024
Processing file: /mnt/c/Users/sasa0/Downloads/team_project-main/team_project-main/exec/submissions/31.py with id: 31
Execution output:
hello world
Execution error:
Sending JSON: {
  "id": "31",
  "status": "INCORRECT"
}
Server response: 000
Graded submission ID 31 with status INCORRECT at Fri Jun 21 20:58:34 KST 2024
Processing file: /mnt/c/Users/sasa0/Downloads/team_project-main/team_project-main/exec/submissions/32.py with id: 32
Execution output:
hello world
Execution error:
Sending JSON: {
  "id": "32",
  "status": "INCORRECT"
}
Server response: 000
Graded submission ID 32 with status INCORRECT at Fri Jun 21 20:58:49 KST 2024
Processing file: /mnt/c/Users/sasa0/Downloads/team_project-main/team_project-main/exec/submissions/33.py with id: 33
Execution output:
hello world
Execution error:
Sending JSON: {
  "id": "33",
  "status": "INCORRECT"
}
Server response: 000
Graded submission ID 33 with status INCORRECT at Fri Jun 21 20:58:59 KST 2024
Processing file: /mnt/c/Users/sasa0/Downloads/team_project-main/team_project-main/exec/submissions/34.py with id: 34
Execution output:
hello world
Execution error:
Sending JSON: {
  "id": "34",
  "status": "INCORRECT"
}
Grading submission at Fri Jun 21 20:59:11 KST 2024
Processing file: /mnt/c/Users/sasa0/Downloads/team_project-main/team_project-main/exec/submissions/30.py with id: 30
Execution output:
hello world
Execution error:
Sending JSON: {
  "id": "30",
  "status": "INCORRECT"
}
Server response: 000
Graded submission ID 34 with status INCORRECT at Fri Jun 21 20:59:15 KST 2024
Processing file: /mnt/c/Users/sasa0/Downloads/team_project-main/team_project-main/exec/submissions/35.py with id: 35
Execution output:
hello world
Execution error:
Sending JSON: {
  "id": "35",
  "status": "INCORRECT"
}
Server response: 000
Graded submission ID 30 with status INCORRECT at Fri Jun 21 20:59:25 KST 2024
Processing file: /mnt/c/Users/sasa0/Downloads/team_project-main/team_project-main/exec/submissions/31.py with id: 31
Execution output:
hello world
Execution error:
Sending JSON: {
  "id": "31",
  "status": "INCORRECT"
}
Server response: 000
Graded submission ID 35 with status INCORRECT at Fri Jun 21 20:59:30 KST 2024
Server response: 000
Graded submission ID 31 with status INCORRECT at Fri Jun 21 20:59:35 KST 2024
Processing file: /mnt/c/Users/sasa0/Downloads/team_project-main/team_project-main/exec/submissions/32.py with id: 32
Execution output:
hello world
Execution error:
Sending JSON: {
  "id": "32",
  "status": "INCORRECT"
}
Server response: 000
Graded submission ID 32 with status INCORRECT at Fri Jun 21 20:59:51 KST 2024
Processing file: /mnt/c/Users/sasa0/Downloads/team_project-main/team_project-main/exec/submissions/33.py with id: 33
Execution output:
hello world
Execution error:
Sending JSON: {
  "id": "33",
  "status": "INCORRECT"
}
Server response: 000
Graded submission ID 33 with status INCORRECT at Fri Jun 21 21:00:01 KST 2024
Processing file: /mnt/c/Users/sasa0/Downloads/team_project-main/team_project-main/exec/submissions/34.py with id: 34
Execution output:
hello world
Execution error:
Sending JSON: {
  "id": "34",
  "status": "INCORRECT"
}
Grading submission at Fri Jun 21 21:00:11 KST 2024
Processing file: /mnt/c/Users/sasa0/Downloads/team_project-main/team_project-main/exec/submissions/30.py with id: 30
Execution output:
hello world
Execution error:
Sending JSON: {
  "id": "30",
  "status": "INCORRECT"
}
Server response: 000
Graded submission ID 34 with status INCORRECT at Fri Jun 21 21:00:16 KST 2024
Processing file: /mnt/c/Users/sasa0/Downloads/team_project-main/team_project-main/exec/submissions/35.py with id: 35
Execution output:
hello world
Execution error:
Sending JSON: {
  "id": "35",
  "status": "INCORRECT"
}
Server response: 000
Graded submission ID 30 with status INCORRECT at Fri Jun 21 21:00:21 KST 2024
Processing file: /mnt/c/Users/sasa0/Downloads/team_project-main/team_project-main/exec/submissions/31.py with id: 31
Execution output:
hello world
Execution error:
Sending JSON: {
  "id": "31",
  "status": "INCORRECT"
}
Server response: 000
Graded submission ID 35 with status INCORRECT at Fri Jun 21 21:00:26 KST 2024
Server response: 000
Graded submission ID 31 with status INCORRECT at Fri Jun 21 21:00:37 KST 2024
Processing file: /mnt/c/Users/sasa0/Downloads/team_project-main/team_project-main/exec/submissions/32.py with id: 32
Execution output:
hello world
Execution error:
Sending JSON: {
  "id": "32",
  "status": "INCORRECT"
}
Server response: 000
Graded submission ID 32 with status INCORRECT at Fri Jun 21 21:00:47 KST 2024
Processing file: /mnt/c/Users/sasa0/Downloads/team_project-main/team_project-main/exec/submissions/33.py with id: 33
Execution output:
hello world
Execution error:
Sending JSON: {
  "id": "33",
  "status": "INCORRECT"
}
Server response: 000
Graded submission ID 33 with status INCORRECT at Fri Jun 21 21:01:02 KST 2024
Processing file: /mnt/c/Users/sasa0/Downloads/team_project-main/team_project-main/exec/submissions/34.py with id: 34
Execution output:
hello world
Execution error:
Sending JSON: {
  "id": "34",
  "status": "INCORRECT"
}
Grading submission at Fri Jun 21 21:01:11 KST 2024
Processing file: /mnt/c/Users/sasa0/Downloads/team_project-main/team_project-main/exec/submissions/30.py with id: 30
Execution output:
hello world
Execution error:
Sending JSON: {
  "id": "30",
  "status": "INCORRECT"
}
Server response: 000
Graded submission ID 34 with status INCORRECT at Fri Jun 21 21:01:12 KST 2024
Processing file: /mnt/c/Users/sasa0/Downloads/team_project-main/team_project-main/exec/submissions/35.py with id: 35
Execution output:
hello world
Execution error:
Sending JSON: {
  "id": "35",
  "status": "INCORRECT"
}
Server response: 000
Graded submission ID 30 with status INCORRECT at Fri Jun 21 21:01:23 KST 2024
Processing file: /mnt/c/Users/sasa0/Downloads/team_project-main/team_project-main/exec/submissions/31.py with id: 31
Execution output:
hello world
Execution error:
Sending JSON: {
  "id": "31",
  "status": "INCORRECT"
}
Server response: 000
Graded submission ID 35 with status INCORRECT at Fri Jun 21 21:01:28 KST 2024
Server response: 000
Graded submission ID 31 with status INCORRECT at Fri Jun 21 21:01:38 KST 2024
Processing file: /mnt/c/Users/sasa0/Downloads/team_project-main/team_project-main/exec/submissions/32.py with id: 32
Execution output:
hello world
Execution error:
Sending JSON: {
  "id": "32",
  "status": "INCORRECT"
}
Server response: 000
Graded submission ID 32 with status INCORRECT at Fri Jun 21 21:01:48 KST 2024
Processing file: /mnt/c/Users/sasa0/Downloads/team_project-main/team_project-main/exec/submissions/33.py with id: 33
Execution output:
hello world
Execution error:
Sending JSON: {
  "id": "33",
  "status": "INCORRECT"
}
Server response: 000
Graded submission ID 33 with status INCORRECT at Fri Jun 21 21:02:04 KST 2024
Processing file: /mnt/c/Users/sasa0/Downloads/team_project-main/team_project-main/exec/submissions/34.py with id: 34
Execution output:
hello world
Execution error:
Sending JSON: {
  "id": "34",
  "status": "INCORRECT"
}
Grading submission at Fri Jun 21 21:02:11 KST 2024
Processing file: /mnt/c/Users/sasa0/Downloads/team_project-main/team_project-main/exec/submissions/30.py with id: 30
Execution output:
hello world
Execution error:
Sending JSON: {
  "id": "30",
  "status": "INCORRECT"
}
Server response: 000
Graded submission ID 34 with status INCORRECT at Fri Jun 21 21:02:14 KST 2024
Processing file: /mnt/c/Users/sasa0/Downloads/team_project-main/team_project-main/exec/submissions/35.py with id: 35
Execution output:
hello world
Execution error:
Sending JSON: {
  "id": "35",
  "status": "INCORRECT"
}
Server response: 000
Graded submission ID 30 with status INCORRECT at Fri Jun 21 21:02:24 KST 2024
Processing file: /mnt/c/Users/sasa0/Downloads/team_project-main/team_project-main/exec/submissions/31.py with id: 31
Execution output:
hello world
Execution error:
Sending JSON: {
  "id": "31",
  "status": "INCORRECT"
}
Server response: 000
Graded submission ID 35 with status INCORRECT at Fri Jun 21 21:02:29 KST 2024
Server response: 000
Graded submission ID 31 with status INCORRECT at Fri Jun 21 21:02:34 KST 2024
Processing file: /mnt/c/Users/sasa0/Downloads/team_project-main/team_project-main/exec/submissions/32.py with id: 32
Execution output:
hello world
Execution error:
Sending JSON: {
  "id": "32",
  "status": "INCORRECT"
}
